TN:
SF:src\app.js
FNF:0
FNH:0
DA:1,5
DA:2,5
DA:3,5
DA:4,5
DA:5,5
DA:6,5
DA:7,5
DA:8,5
DA:9,5
DA:10,5
DA:11,5
DA:12,5
DA:13,5
DA:14,5
DA:15,5
DA:16,5
DA:17,5
DA:18,5
DA:19,5
DA:20,5
DA:21,5
DA:22,5
DA:23,5
DA:24,5
DA:25,5
DA:26,0
DA:27,0
DA:28,0
DA:29,0
DA:30,0
DA:31,0
DA:32,5
DA:33,5
DA:34,5
DA:35,5
DA:36,5
DA:37,5
DA:38,5
DA:39,5
DA:40,5
DA:41,5
DA:42,5
DA:43,5
DA:44,5
DA:45,5
DA:46,5
DA:47,5
LF:47
LH:41
BRDA:1,0,0,5
BRF:1
BRH:1
end_of_record
TN:
SF:src\config\db.js
FNF:0
FNH:0
DA:1,12
DA:2,12
DA:3,12
DA:4,12
DA:5,12
DA:6,12
DA:7,12
DA:8,12
DA:9,12
DA:10,12
DA:11,12
DA:12,12
DA:13,12
DA:14,12
DA:15,12
DA:16,12
DA:17,12
DA:18,12
DA:19,12
DA:20,12
DA:21,12
DA:22,12
DA:23,12
DA:24,0
DA:25,0
DA:26,12
DA:27,12
DA:28,12
DA:29,12
DA:30,0
DA:31,0
DA:32,0
DA:33,12
DA:34,12
DA:35,12
LF:35
LH:30
BRDA:1,0,0,12
BRDA:22,1,0,12
BRDA:23,2,0,0
BRF:3
BRH:2
end_of_record
TN:
SF:src\controllers\auth.controller.js
FNF:0
FNH:0
DA:1,5
DA:2,5
DA:3,5
DA:4,5
DA:5,5
DA:6,5
DA:7,5
DA:8,8
DA:9,8
DA:10,8
DA:11,8
DA:12,8
DA:13,8
DA:14,0
DA:15,0
DA:16,5
DA:17,5
DA:18,5
DA:19,8
DA:20,8
DA:21,8
DA:22,8
DA:23,8
DA:24,8
DA:25,0
DA:26,0
DA:27,5
DA:28,5
DA:29,5
DA:30,2
DA:31,2
DA:32,2
DA:33,2
DA:34,1
DA:35,1
DA:36,1
DA:37,1
DA:38,5
DA:39,5
DA:40,5
LF:40
LH:36
BRDA:1,0,0,5
BRDA:7,1,0,8
BRDA:13,2,0,0
BRDA:18,3,0,8
BRDA:24,4,0,0
BRDA:29,5,0,2
BRDA:34,6,0,1
BRF:7
BRH:5
end_of_record
TN:
SF:src\controllers\category.controller.js
FNF:0
FNH:0
DA:1,5
DA:2,5
DA:3,5
DA:4,5
DA:5,5
DA:6,5
DA:7,5
DA:8,5
DA:9,5
DA:10,5
DA:11,5
DA:12,5
DA:13,5
DA:14,5
DA:15,5
DA:16,5
DA:17,0
DA:18,0
DA:19,0
DA:20,0
DA:21,0
DA:22,0
DA:23,0
DA:24,0
DA:25,0
DA:26,0
DA:27,0
DA:28,5
DA:29,5
DA:30,5
DA:31,5
DA:32,5
DA:33,5
DA:34,3
DA:35,3
DA:36,3
DA:37,3
DA:38,1
DA:39,1
DA:40,1
DA:41,1
DA:42,2
DA:43,2
DA:44,5
DA:45,5
DA:46,5
DA:47,5
DA:48,5
DA:49,5
DA:50,1
DA:51,1
DA:52,5
DA:53,5
DA:54,5
DA:55,5
DA:56,5
DA:57,5
DA:58,1
DA:59,1
DA:60,1
DA:61,1
DA:62,0
DA:63,0
DA:64,0
DA:65,0
DA:66,1
DA:67,1
DA:68,5
DA:69,5
DA:70,5
DA:71,5
DA:72,5
DA:73,5
DA:74,1
DA:75,1
DA:76,1
DA:77,5
DA:78,5
DA:79,5
DA:80,5
DA:81,5
DA:82,5
DA:83,0
DA:84,0
DA:85,0
DA:86,0
DA:87,5
DA:88,5
LF:88
LH:69
BRDA:1,0,0,5
BRDA:33,1,0,3
BRDA:37,2,0,1
BRDA:42,3,0,2
BRDA:49,4,0,1
BRDA:57,5,0,1
BRDA:61,6,0,0
BRDA:73,7,0,1
BRF:8
BRH:7
end_of_record
TN:
SF:src\controllers\client.controller.js
FNF:0
FNH:0
DA:1,5
DA:2,5
DA:3,5
DA:4,5
DA:5,5
DA:6,5
DA:7,5
DA:8,5
DA:9,5
DA:10,5
DA:11,5
DA:12,5
DA:13,5
DA:14,5
DA:15,5
DA:16,5
DA:17,5
DA:18,5
DA:19,5
DA:20,5
DA:21,4
DA:22,4
DA:23,4
DA:24,4
DA:25,4
DA:26,4
DA:27,4
DA:28,4
DA:29,4
DA:30,4
DA:31,4
DA:32,5
DA:33,5
DA:34,5
DA:35,5
DA:36,5
DA:37,5
DA:38,5
DA:39,5
DA:40,5
DA:41,3
DA:42,2
DA:43,5
DA:44,5
DA:45,5
DA:46,5
DA:47,5
DA:48,5
DA:49,5
DA:50,5
DA:51,5
DA:52,0
DA:53,0
DA:54,5
DA:55,5
DA:56,5
DA:57,5
DA:58,5
DA:59,5
DA:60,5
DA:61,5
DA:62,5
DA:63,1
DA:64,1
DA:65,5
DA:66,5
DA:67,5
DA:68,5
DA:69,5
DA:70,5
DA:71,5
DA:72,5
DA:73,5
DA:74,1
DA:75,1
DA:76,5
DA:77,5
LF:77
LH:75
BRDA:1,0,0,5
BRDA:20,1,0,4
BRDA:22,2,0,3
BRDA:40,3,0,3
BRDA:42,4,0,2
BRDA:62,5,0,1
BRDA:73,6,0,1
BRF:7
BRH:7
end_of_record
TN:
SF:src\controllers\dashboard.controller.js
FNF:0
FNH:0
DA:1,5
DA:2,5
DA:3,5
DA:4,5
DA:5,5
DA:6,5
DA:7,5
DA:8,5
DA:9,5
DA:10,5
DA:11,5
DA:12,0
DA:13,0
DA:14,0
DA:15,0
DA:16,0
DA:17,0
DA:18,0
DA:19,0
DA:20,5
DA:21,5
DA:22,5
LF:22
LH:14
BRDA:1,0,0,5
BRF:1
BRH:1
end_of_record
TN:
SF:src\controllers\permission.controller.js
FNF:0
FNH:0
DA:1,5
DA:2,5
DA:3,5
DA:4,5
DA:5,5
DA:6,0
DA:7,0
DA:8,0
DA:9,0
DA:10,5
LF:10
LH:6
BRDA:1,0,0,5
BRF:1
BRH:1
end_of_record
TN:
SF:src\controllers\product.controller.js
FNF:0
FNH:0
DA:1,5
DA:2,5
DA:3,5
DA:4,5
DA:5,5
DA:6,5
DA:7,5
DA:8,5
DA:9,5
DA:10,5
DA:11,5
DA:12,5
DA:13,5
DA:14,5
DA:15,5
DA:16,5
DA:17,5
DA:18,5
DA:19,5
DA:20,5
DA:21,5
DA:22,7
DA:23,7
DA:24,7
DA:25,7
DA:26,7
DA:27,7
DA:28,7
DA:29,7
DA:30,7
DA:31,7
DA:32,7
DA:33,7
DA:34,7
DA:35,7
DA:36,7
DA:37,7
DA:38,7
DA:39,7
DA:40,7
DA:41,7
DA:42,5
DA:43,5
DA:44,5
DA:45,5
DA:46,5
DA:47,5
DA:48,5
DA:49,5
DA:50,5
DA:51,5
DA:52,4
DA:53,4
DA:54,4
DA:55,4
DA:56,0
DA:57,0
DA:58,0
DA:59,0
DA:60,4
DA:61,4
DA:62,5
DA:63,5
DA:64,5
DA:65,5
DA:66,5
DA:67,5
DA:68,5
DA:69,5
DA:70,5
DA:71,0
DA:72,0
DA:73,0
DA:74,5
DA:75,5
DA:76,5
DA:77,5
DA:78,5
DA:79,5
DA:80,5
DA:81,5
DA:82,5
DA:83,5
DA:84,2
DA:85,2
DA:86,2
DA:87,2
DA:88,2
DA:89,2
DA:90,1
DA:91,1
DA:92,1
DA:93,1
DA:94,1
DA:95,1
DA:96,5
DA:97,5
DA:98,5
DA:99,5
DA:100,5
DA:101,5
DA:102,5
DA:103,5
DA:104,5
DA:105,5
DA:106,0
DA:107,0
DA:108,0
DA:109,0
DA:110,0
DA:111,0
DA:112,0
DA:113,0
DA:114,0
DA:115,0
DA:116,5
DA:117,5
LF:117
LH:100
BRDA:1,0,0,5
BRDA:21,1,0,7
BRDA:24,2,0,6
BRDA:51,3,0,4
BRDA:55,4,0,0
BRDA:83,5,0,2
BRDA:89,6,0,1
BRF:7
BRH:6
end_of_record
TN:
SF:src\controllers\role.controller.js
FNF:0
FNH:0
DA:1,6
DA:2,6
DA:3,6
DA:4,6
DA:5,6
DA:6,6
DA:7,6
DA:8,6
DA:9,6
DA:10,6
DA:11,6
DA:12,6
DA:13,1
DA:14,1
DA:15,6
DA:16,6
DA:17,6
DA:18,1
DA:19,1
DA:20,1
DA:21,6
DA:22,6
DA:23,6
DA:24,2
DA:25,2
DA:26,2
DA:27,2
DA:28,1
DA:29,1
DA:30,1
DA:31,1
DA:32,1
DA:33,1
DA:34,6
DA:35,6
DA:36,6
DA:37,2
DA:38,2
DA:39,2
DA:40,2
DA:41,2
DA:42,2
DA:43,1
DA:44,1
DA:45,1
DA:46,1
DA:47,1
DA:48,1
DA:49,6
DA:50,6
DA:51,6
DA:52,3
DA:53,3
DA:54,3
DA:55,3
DA:56,3
DA:57,2
DA:58,2
DA:59,2
DA:60,2
DA:61,1
DA:62,1
DA:63,6
DA:64,6
DA:65,6
DA:66,1
DA:67,1
DA:68,1
DA:69,1
DA:70,1
DA:71,1
DA:72,1
DA:73,1
DA:74,1
DA:75,1
DA:76,1
DA:77,1
DA:78,6
DA:79,6
LF:79
LH:79
BRDA:1,0,0,6
BRDA:12,1,0,1
BRDA:17,2,0,1
BRDA:23,3,0,2
BRDA:27,4,0,1
BRDA:36,5,0,2
BRDA:42,6,0,1
BRDA:51,7,0,3
BRDA:56,8,0,2
BRDA:58,9,0,1
BRDA:61,10,0,1
BRDA:65,11,0,1
BRF:12
BRH:12
end_of_record
TN:
SF:src\controllers\sale.controller.js
FNF:0
FNH:0
DA:1,5
DA:2,5
DA:3,5
DA:4,5
DA:5,5
DA:6,5
DA:7,5
DA:8,5
DA:9,5
DA:10,5
DA:11,5
DA:12,5
DA:13,5
DA:14,5
DA:15,5
DA:16,5
DA:17,5
DA:18,5
DA:19,5
DA:20,5
DA:21,0
DA:22,0
DA:23,0
DA:24,0
DA:25,0
DA:26,0
DA:27,0
DA:28,0
DA:29,0
DA:30,0
DA:31,0
DA:32,0
DA:33,0
DA:34,0
DA:35,0
DA:36,0
DA:37,0
DA:38,0
DA:39,5
DA:40,5
DA:41,5
DA:42,5
DA:43,5
DA:44,5
DA:45,5
DA:46,5
DA:47,5
DA:48,5
DA:49,1
DA:50,1
DA:51,1
DA:52,1
DA:53,0
DA:54,0
DA:55,0
DA:56,0
DA:57,1
DA:58,1
DA:59,5
DA:60,5
DA:61,5
DA:62,5
DA:63,5
DA:64,5
DA:65,5
DA:66,5
DA:67,5
DA:68,5
DA:69,5
DA:70,5
DA:71,5
DA:72,1
DA:73,1
DA:74,1
DA:75,1
DA:76,4
DA:77,5
DA:78,0
DA:79,0
DA:80,0
DA:81,0
DA:82,4
DA:83,4
DA:84,4
DA:85,4
DA:86,1
DA:87,1
DA:88,5
DA:89,5
LF:89
LH:63
BRDA:1,0,0,5
BRDA:48,1,0,1
BRDA:52,2,0,0
BRDA:67,3,0,5
BRDA:71,4,0,1
BRDA:76,5,0,4
BRDA:77,6,0,4
BRDA:77,7,0,0
BRDA:82,8,0,4
BRDA:86,9,0,1
BRF:10
BRH:8
end_of_record
TN:
SF:src\controllers\user.controller.js
FNF:0
FNH:0
DA:1,6
DA:2,6
DA:3,6
DA:4,6
DA:5,6
DA:6,6
DA:7,6
DA:8,6
DA:9,6
DA:10,6
DA:11,6
DA:12,6
DA:13,6
DA:14,6
DA:15,6
DA:16,6
DA:17,6
DA:18,6
DA:19,6
DA:20,1
DA:21,1
DA:22,1
DA:23,1
DA:24,1
DA:25,1
DA:26,1
DA:27,1
DA:28,1
DA:29,1
DA:30,1
DA:31,1
DA:32,6
DA:33,6
DA:34,6
DA:35,6
DA:36,6
DA:37,6
DA:38,6
DA:39,6
DA:40,6
DA:41,6
DA:42,2
DA:43,2
DA:44,2
DA:45,2
DA:46,1
DA:47,1
DA:48,1
DA:49,1
DA:50,1
DA:51,1
DA:52,6
DA:53,6
DA:54,6
DA:55,6
DA:56,6
DA:57,6
DA:58,6
DA:59,6
DA:60,6
DA:61,1
DA:62,1
DA:63,6
DA:64,6
DA:65,6
DA:66,6
DA:67,6
DA:68,6
DA:69,6
DA:70,6
DA:71,6
DA:72,6
DA:73,2
DA:74,2
DA:75,2
DA:76,2
DA:77,1
DA:78,1
DA:79,1
DA:80,1
DA:81,1
DA:82,1
DA:83,6
DA:84,6
DA:85,6
DA:86,6
DA:87,6
DA:88,6
DA:89,6
DA:90,6
DA:91,6
DA:92,6
DA:93,3
DA:94,3
DA:95,3
DA:96,3
DA:97,1
DA:98,1
DA:99,1
DA:100,1
DA:101,2
DA:102,2
DA:103,6
DA:104,6
DA:105,6
DA:106,6
DA:107,6
DA:108,6
DA:109,6
DA:110,6
DA:111,6
DA:112,2
DA:113,2
DA:114,2
DA:115,2
DA:116,1
DA:117,1
DA:118,1
DA:119,1
DA:120,1
DA:121,1
DA:122,6
DA:123,6
LF:123
LH:123
BRDA:1,0,0,6
BRDA:19,1,0,1
BRDA:21,2,0,0
BRDA:41,3,0,2
BRDA:45,4,0,1
BRDA:60,5,0,1
BRDA:72,6,0,2
BRDA:76,7,0,1
BRDA:92,8,0,3
BRDA:96,9,0,2
BRDA:96,10,0,1
BRDA:111,11,0,2
BRDA:116,12,0,1
BRF:13
BRH:12
end_of_record
TN:
SF:src\middlewares\auth.middleware.js
FN:3,verifyToken
FNF:1
FNH:1
FNDA:41,verifyToken
DA:1,5
DA:2,5
DA:3,5
DA:4,41
DA:5,41
DA:6,41
DA:7,41
DA:8,41
DA:9,41
DA:10,3
DA:11,3
DA:12,3
DA:13,3
DA:14,38
DA:15,38
DA:16,38
DA:17,38
DA:18,38
DA:19,38
DA:20,38
DA:21,38
DA:22,38
DA:23,38
DA:24,38
DA:25,38
DA:26,38
DA:27,38
DA:28,38
DA:29,38
DA:30,41
DA:31,0
DA:32,0
DA:33,0
DA:34,0
DA:35,0
DA:36,0
DA:37,0
DA:38,0
DA:39,0
DA:40,0
DA:41,0
DA:42,5
LF:42
LH:31
BRDA:1,0,0,5
BRDA:3,1,0,41
BRDA:9,2,0,38
BRDA:9,3,0,3
BRDA:14,4,0,38
BRDA:30,5,0,0
BRF:6
BRH:5
end_of_record
TN:
SF:src\middlewares\error.middleware.js
FN:3,globalErrorHandler
FNF:1
FNH:1
FNDA:14,globalErrorHandler
DA:1,5
DA:2,5
DA:3,5
DA:4,14
DA:5,14
DA:6,14
DA:7,14
DA:8,14
DA:9,14
DA:10,14
DA:11,14
DA:12,14
DA:13,14
DA:14,5
LF:14
LH:14
BRDA:1,0,0,5
BRDA:3,1,0,14
BRDA:4,2,0,1
BRDA:6,3,0,0
BRF:4
BRH:3
end_of_record
TN:
SF:src\middlewares\index.js
FNF:0
FNH:0
DA:1,5
DA:2,5
DA:3,5
DA:4,5
DA:5,5
LF:5
LH:5
BRDA:1,0,0,5
BRF:1
BRH:1
end_of_record
TN:
SF:src\middlewares\permission.middleware.js
FN:3,checkPermission
FNF:1
FNH:1
FNDA:155,checkPermission
DA:1,5
DA:2,5
DA:3,5
DA:4,155
DA:5,37
DA:6,37
DA:7,37
DA:8,0
DA:9,0
DA:10,0
DA:11,0
DA:12,37
DA:13,37
DA:14,37
DA:15,37
DA:16,37
DA:17,37
DA:18,34
DA:19,37
DA:20,37
DA:21,37
DA:22,3
DA:23,3
DA:24,3
DA:25,3
DA:26,34
DA:27,34
DA:28,37
DA:29,0
DA:30,0
DA:31,155
DA:32,5
LF:32
LH:26
BRDA:1,0,0,5
BRDA:3,1,0,155
BRDA:4,2,0,37
BRDA:7,3,0,0
BRDA:21,4,0,3
BRDA:26,5,0,34
BRDA:28,6,0,0
BRDA:17,7,0,34
BRF:8
BRH:6
end_of_record
TN:
SF:src\middlewares\policy.middleware.js
FN:8,authorizePolicy
FNF:1
FNH:1
FNDA:5,authorizePolicy
DA:1,5
DA:2,5
DA:3,5
DA:4,5
DA:5,5
DA:6,5
DA:7,5
DA:8,5
DA:9,5
DA:10,1
DA:11,1
DA:12,1
DA:13,1
DA:14,1
DA:15,1
DA:16,0
DA:17,0
DA:18,0
DA:19,0
DA:20,1
DA:21,1
DA:22,1
DA:23,1
DA:24,0
DA:25,0
DA:26,0
DA:27,0
DA:28,1
DA:29,1
DA:30,1
DA:31,1
DA:32,1
DA:33,1
DA:34,0
DA:35,0
DA:36,0
DA:37,0
DA:38,1
DA:39,1
DA:40,1
DA:41,1
DA:42,1
DA:43,1
DA:44,1
DA:45,1
DA:46,1
DA:47,0
DA:48,0
DA:49,5
DA:50,5
LF:50
LH:36
BRDA:1,0,0,5
BRDA:8,1,0,5
BRDA:9,2,0,1
BRDA:15,3,0,0
BRDA:23,4,0,0
BRDA:33,5,0,0
BRDA:46,6,0,0
BRF:7
BRH:3
end_of_record
TN:
SF:src\middlewares\validator.middleware.js
FN:1,validateSchema
FNF:1
FNH:1
FNDA:64,validateSchema
DA:1,6
DA:2,64
DA:3,27
DA:4,27
DA:5,27
DA:6,3
DA:7,3
DA:8,3
DA:9,3
DA:10,3
DA:11,1
DA:12,1
DA:13,3
DA:14,3
DA:15,3
DA:16,3
DA:17,3
DA:18,3
DA:19,3
DA:20,3
DA:21,3
DA:22,3
DA:23,3
DA:24,3
DA:25,3
DA:26,3
DA:27,3
DA:28,24
DA:29,24
DA:30,24
DA:31,64
DA:32,6
LF:32
LH:32
BRDA:1,0,0,6
BRDA:1,1,0,64
BRDA:2,2,0,27
BRDA:5,3,0,3
BRDA:28,4,0,24
BRDA:6,5,0,3
BRDA:10,6,0,1
BRDA:15,7,0,2
BRDA:15,8,0,1
BRF:9
BRH:9
end_of_record
TN:
SF:src\models\category.model.js
FN:17,countDynamic
FN:35,findAllDynamic
FN:84,findById
FN:111,create
FN:128,update
FN:146,delete
FNF:6
FNH:6
FNDA:1,countDynamic
FNDA:1,findAllDynamic
FNDA:11,findById
FNDA:2,create
FNDA:2,update
FNDA:3,delete
DA:1,6
DA:2,6
DA:3,6
DA:4,6
DA:5,6
DA:6,6
DA:7,6
DA:8,6
DA:9,6
DA:10,6
DA:11,6
DA:12,6
DA:13,6
DA:14,6
DA:15,6
DA:16,6
DA:17,6
DA:18,1
DA:19,1
DA:20,1
DA:21,1
DA:22,1
DA:23,1
DA:24,1
DA:25,1
DA:26,1
DA:27,1
DA:28,6
DA:29,6
DA:30,6
DA:31,6
DA:32,6
DA:33,6
DA:34,6
DA:35,6
DA:36,1
DA:37,1
DA:38,1
DA:39,1
DA:40,1
DA:41,1
DA:42,1
DA:43,1
DA:44,1
DA:45,1
DA:46,1
DA:47,1
DA:48,1
DA:49,1
DA:50,0
DA:51,0
DA:52,0
DA:53,1
DA:54,1
DA:55,1
DA:56,1
DA:57,1
DA:58,1
DA:59,1
DA:60,1
DA:61,1
DA:62,1
DA:63,1
DA:64,1
DA:65,1
DA:66,0
DA:67,0
DA:68,0
DA:69,1
DA:70,1
DA:71,1
DA:72,1
DA:73,1
DA:74,10
DA:75,10
DA:76,1
DA:77,6
DA:78,6
DA:79,6
DA:80,6
DA:81,6
DA:82,6
DA:83,6
DA:84,6
DA:85,11
DA:86,11
DA:87,11
DA:88,11
DA:89,11
DA:90,11
DA:91,11
DA:92,11
DA:93,11
DA:94,11
DA:95,11
DA:96,11
DA:97,11
DA:98,11
DA:99,11
DA:100,9
DA:101,9
DA:102,9
DA:103,2
DA:104,6
DA:105,6
DA:106,6
DA:107,6
DA:108,6
DA:109,6
DA:110,6
DA:111,6
DA:112,2
DA:113,2
DA:114,2
DA:115,2
DA:116,2
DA:117,2
DA:118,2
DA:119,2
DA:120,6
DA:121,6
DA:122,6
DA:123,6
DA:124,6
DA:125,6
DA:126,6
DA:127,6
DA:128,6
DA:129,2
DA:130,2
DA:131,2
DA:132,2
DA:133,2
DA:134,2
DA:135,2
DA:136,2
DA:137,2
DA:138,6
DA:139,6
DA:140,6
DA:141,6
DA:142,6
DA:143,6
DA:144,6
DA:145,6
DA:146,6
DA:147,3
DA:148,3
DA:149,2
DA:150,2
DA:151,1
DA:152,1
DA:153,1
DA:154,1
DA:155,1
DA:156,1
DA:157,1
DA:158,0
DA:159,0
DA:160,0
DA:161,0
DA:162,3
DA:163,6
LF:163
LH:153
BRDA:1,0,0,6
BRDA:17,1,0,1
BRDA:35,2,0,1
BRDA:49,3,0,0
BRDA:57,4,0,0
BRDA:58,5,0,0
BRDA:64,6,0,0
BRDA:65,7,0,0
BRDA:73,8,0,10
BRDA:84,9,0,11
BRDA:99,10,0,9
BRDA:103,11,0,2
BRDA:111,12,0,2
BRDA:128,13,0,2
BRDA:135,14,0,0
BRDA:146,15,0,3
BRDA:149,16,0,2
BRDA:150,17,0,1
BRDA:152,18,0,0
BRDA:158,19,0,0
BRF:20
BRH:12
end_of_record
TN:
SF:src\models\client.model.js
FN:17,countDynamic
FN:36,findAllDynamic
FN:87,findById
FN:106,findByDocument
FN:116,create
FN:131,update
FN:145,delete
FNF:7
FNH:6
FNDA:3,countDynamic
FNDA:4,findAllDynamic
FNDA:6,findById
FNDA:1,findByDocument
FNDA:0,create
FNDA:1,update
FNDA:1,delete
DA:1,5
DA:2,5
DA:3,5
DA:4,5
DA:5,5
DA:6,5
DA:7,5
DA:8,5
DA:9,5
DA:10,5
DA:11,5
DA:12,5
DA:13,5
DA:14,5
DA:15,5
DA:16,5
DA:17,5
DA:18,3
DA:19,3
DA:20,3
DA:21,3
DA:22,1
DA:23,1
DA:24,1
DA:25,1
DA:26,3
DA:27,3
DA:28,3
DA:29,5
DA:30,5
DA:31,5
DA:32,5
DA:33,5
DA:34,5
DA:35,5
DA:36,5
DA:37,4
DA:38,4
DA:39,4
DA:40,4
DA:41,4
DA:42,4
DA:43,4
DA:44,4
DA:45,4
DA:46,4
DA:47,4
DA:48,4
DA:49,4
DA:50,4
DA:51,4
DA:52,4
DA:53,4
DA:54,1
DA:55,1
DA:56,1
DA:57,1
DA:58,4
DA:59,4
DA:60,4
DA:61,4
DA:62,4
DA:63,4
DA:64,4
DA:65,4
DA:66,4
DA:67,4
DA:68,4
DA:69,4
DA:70,4
DA:71,3
DA:72,3
DA:73,4
DA:74,0
DA:75,0
DA:76,0
DA:77,4
DA:78,4
DA:79,4
DA:80,5
DA:81,5
DA:82,5
DA:83,5
DA:84,5
DA:85,5
DA:86,5
DA:87,5
DA:88,6
DA:89,6
DA:90,6
DA:91,6
DA:92,6
DA:93,6
DA:94,6
DA:95,6
DA:96,6
DA:97,6
DA:98,6
DA:99,5
DA:100,5
DA:101,5
DA:102,5
DA:103,5
DA:104,5
DA:105,5
DA:106,5
DA:107,1
DA:108,1
DA:109,5
DA:110,5
DA:111,5
DA:112,5
DA:113,5
DA:114,5
DA:115,5
DA:116,5
DA:117,0
DA:118,0
DA:119,0
DA:120,0
DA:121,0
DA:122,0
DA:123,5
DA:124,5
DA:125,5
DA:126,5
DA:127,5
DA:128,5
DA:129,5
DA:130,5
DA:131,5
DA:132,1
DA:133,1
DA:134,1
DA:135,1
DA:136,1
DA:137,1
DA:138,5
DA:139,5
DA:140,5
DA:141,5
DA:142,5
DA:143,5
DA:144,5
DA:145,5
DA:146,1
DA:147,1
DA:148,1
DA:149,5
LF:149
LH:140
BRDA:1,0,0,5
BRDA:17,1,0,3
BRDA:21,2,0,1
BRDA:36,3,0,4
BRDA:53,4,0,1
BRDA:64,5,0,0
BRDA:65,6,0,0
BRDA:70,7,0,3
BRDA:72,8,0,0
BRDA:72,9,0,2
BRDA:73,10,0,1
BRDA:73,11,0,0
BRDA:87,12,0,6
BRDA:106,13,0,1
BRDA:131,14,0,1
BRDA:145,15,0,1
BRF:16
BRH:12
end_of_record
TN:
SF:src\models\permission.model.js
FN:4,findAll
FN:10,findAllAssigned
FN:21,findByRoleId
FNF:3
FNH:3
FNDA:1,findAll
FNDA:1,findAllAssigned
FNDA:1,findByRoleId
DA:1,6
DA:2,6
DA:3,6
DA:4,6
DA:5,1
DA:6,1
DA:7,1
DA:8,6
DA:9,6
DA:10,6
DA:11,1
DA:12,1
DA:13,1
DA:14,1
DA:15,1
DA:16,1
DA:17,1
DA:18,1
DA:19,6
DA:20,6
DA:21,6
DA:22,1
DA:23,1
DA:24,1
DA:25,1
DA:26,1
DA:27,1
DA:28,1
DA:29,1
DA:30,1
DA:31,1
DA:32,6
LF:32
LH:32
BRDA:1,0,0,6
BRDA:4,1,0,1
BRDA:10,2,0,1
BRDA:21,3,0,1
BRF:4
BRH:4
end_of_record
TN:
SF:src\models\product.model.js
FN:18,countDynamic
FN:47,findAllDynamic
FN:97,findById
FN:114,findByCategoryId
FN:127,create
FN:148,update
FN:175,delete
FN:184,getInventoryStats
FN:201,getCriticalStockCount
FN:217,findByIdForTransaction
FN:230,decrementStock
FNF:11
FNH:7
FNDA:6,countDynamic
FNDA:7,findAllDynamic
FNDA:4,findById
FNDA:1,findByCategoryId
FNDA:0,create
FNDA:2,update
FNDA:0,delete
FNDA:0,getInventoryStats
FNDA:0,getCriticalStockCount
FNDA:5,findByIdForTransaction
FNDA:2,decrementStock
DA:1,6
DA:2,6
DA:3,6
DA:4,6
DA:5,6
DA:6,6
DA:7,6
DA:8,6
DA:9,6
DA:10,6
DA:11,6
DA:12,6
DA:13,6
DA:14,6
DA:15,6
DA:16,6
DA:17,6
DA:18,6
DA:19,6
DA:20,6
DA:21,6
DA:22,6
DA:23,1
DA:24,1
DA:25,1
DA:26,6
DA:27,6
DA:28,1
DA:29,1
DA:30,1
DA:31,6
DA:32,6
DA:33,1
DA:34,1
DA:35,1
DA:36,1
DA:37,6
DA:38,6
DA:39,6
DA:40,6
DA:41,6
DA:42,6
DA:43,6
DA:44,6
DA:45,6
DA:46,6
DA:47,6
DA:48,7
DA:49,7
DA:50,7
DA:51,7
DA:52,7
DA:53,7
DA:54,7
DA:55,7
DA:56,7
DA:57,7
DA:58,7
DA:59,1
DA:60,1
DA:61,1
DA:62,7
DA:63,7
DA:64,1
DA:65,1
DA:66,1
DA:67,7
DA:68,7
DA:69,1
DA:70,1
DA:71,1
DA:72,1
DA:73,7
DA:74,7
DA:75,7
DA:76,7
DA:77,7
DA:78,7
DA:79,7
DA:80,7
DA:81,6
DA:82,6
DA:83,7
DA:84,0
DA:85,0
DA:86,0
DA:87,7
DA:88,7
DA:89,7
DA:90,6
DA:91,6
DA:92,6
DA:93,6
DA:94,6
DA:95,6
DA:96,6
DA:97,6
DA:98,4
DA:99,4
DA:100,4
DA:101,4
DA:102,4
DA:103,4
DA:104,4
DA:105,4
DA:106,4
DA:107,6
DA:108,6
DA:109,6
DA:110,6
DA:111,6
DA:112,6
DA:113,6
DA:114,6
DA:115,1
DA:116,1
DA:117,1
DA:118,1
DA:119,1
DA:120,6
DA:121,6
DA:122,6
DA:123,6
DA:124,6
DA:125,6
DA:126,6
DA:127,6
DA:128,0
DA:129,0
DA:130,0
DA:131,0
DA:132,0
DA:133,0
DA:134,0
DA:135,0
DA:136,0
DA:137,0
DA:138,0
DA:139,0
DA:140,6
DA:141,6
DA:142,6
DA:143,6
DA:144,6
DA:145,6
DA:146,6
DA:147,6
DA:148,6
DA:149,2
DA:150,2
DA:151,2
DA:152,2
DA:153,2
DA:154,2
DA:155,2
DA:156,0
DA:157,0
DA:158,0
DA:159,2
DA:160,2
DA:161,2
DA:162,2
DA:163,2
DA:164,2
DA:165,1
DA:166,1
DA:167,1
DA:168,6
DA:169,6
DA:170,6
DA:171,6
DA:172,6
DA:173,6
DA:174,6
DA:175,6
DA:176,0
DA:177,0
DA:178,6
DA:179,6
DA:180,6
DA:181,6
DA:182,6
DA:183,6
DA:184,6
DA:185,0
DA:186,0
DA:187,0
DA:188,0
DA:189,0
DA:190,0
DA:191,0
DA:192,0
DA:193,0
DA:194,6
DA:195,6
DA:196,6
DA:197,6
DA:198,6
DA:199,6
DA:200,6
DA:201,6
DA:202,0
DA:203,0
DA:204,0
DA:205,0
DA:206,0
DA:207,0
DA:208,0
DA:209,6
DA:210,6
DA:211,6
DA:212,6
DA:213,6
DA:214,6
DA:215,6
DA:216,6
DA:217,6
DA:218,5
DA:219,5
DA:220,5
DA:221,6
DA:222,6
DA:223,6
DA:224,6
DA:225,6
DA:226,6
DA:227,6
DA:228,6
DA:229,6
DA:230,6
DA:231,2
DA:232,2
DA:233,2
DA:234,6
LF:234
LH:198
BRDA:1,0,0,6
BRDA:18,1,0,6
BRDA:22,2,0,1
BRDA:27,3,0,1
BRDA:32,4,0,1
BRDA:47,5,0,7
BRDA:58,6,0,1
BRDA:63,7,0,1
BRDA:68,8,0,1
BRDA:75,9,0,1
BRDA:75,10,0,6
BRDA:76,11,0,1
BRDA:76,12,0,6
BRDA:80,13,0,6
BRDA:82,14,0,0
BRDA:83,15,0,1
BRDA:83,16,0,0
BRDA:97,17,0,4
BRDA:114,18,0,1
BRDA:148,19,0,2
BRDA:150,20,0,0
BRDA:155,21,0,0
BRDA:164,22,0,1
BRDA:217,23,0,5
BRDA:230,24,0,2
BRF:25
BRH:21
end_of_record
TN:
SF:src\models\role.model.js
FN:5,findAll
FN:11,findById
FN:17,create
FN:56,update
FN:98,syncUserRoles
FN:125,countUsersByRoleId
FN:133,delete
FNF:7
FNH:7
FNDA:1,findAll
FNDA:5,findById
FNDA:2,create
FNDA:2,update
FNDA:2,syncUserRoles
FNDA:1,countUsersByRoleId
FNDA:1,delete
DA:1,6
DA:2,6
DA:3,6
DA:4,6
DA:5,6
DA:6,1
DA:7,1
DA:8,1
DA:9,6
DA:10,6
DA:11,6
DA:12,5
DA:13,5
DA:14,5
DA:15,6
DA:16,6
DA:17,6
DA:18,2
DA:19,2
DA:20,2
DA:21,2
DA:22,2
DA:23,2
DA:24,2
DA:25,2
DA:26,2
DA:27,2
DA:28,2
DA:29,2
DA:30,2
DA:31,2
DA:32,2
DA:33,2
DA:34,2
DA:35,2
DA:36,2
DA:37,2
DA:38,2
DA:39,2
DA:40,2
DA:41,2
DA:42,1
DA:43,1
DA:44,1
DA:45,1
DA:46,1
DA:47,1
DA:48,1
DA:49,1
DA:50,2
DA:51,2
DA:52,2
DA:53,6
DA:54,6
DA:55,6
DA:56,6
DA:57,2
DA:58,2
DA:59,2
DA:60,2
DA:61,2
DA:62,2
DA:63,2
DA:64,2
DA:65,2
DA:66,2
DA:67,2
DA:68,2
DA:69,2
DA:70,2
DA:71,2
DA:72,2
DA:73,2
DA:74,2
DA:75,2
DA:76,2
DA:77,2
DA:78,2
DA:79,2
DA:80,2
DA:81,2
DA:82,2
DA:83,2
DA:84,1
DA:85,1
DA:86,1
DA:87,1
DA:88,1
DA:89,1
DA:90,1
DA:91,1
DA:92,2
DA:93,2
DA:94,2
DA:95,6
DA:96,6
DA:97,6
DA:98,6
DA:99,2
DA:100,2
DA:101,2
DA:102,2
DA:103,2
DA:104,2
DA:105,2
DA:106,2
DA:107,2
DA:108,2
DA:109,2
DA:110,2
DA:111,2
DA:112,1
DA:113,1
DA:114,1
DA:115,1
DA:116,1
DA:117,1
DA:118,2
DA:119,2
DA:120,2
DA:121,6
DA:122,6
DA:123,6
DA:124,6
DA:125,6
DA:126,1
DA:127,1
DA:128,1
DA:129,6
DA:130,6
DA:131,6
DA:132,6
DA:133,6
DA:134,1
DA:135,1
DA:136,1
DA:137,1
DA:138,1
DA:139,1
DA:140,1
DA:141,1
DA:142,1
DA:143,1
DA:144,1
DA:145,1
DA:146,1
DA:147,1
DA:148,1
DA:149,1
DA:150,1
DA:151,1
DA:152,1
DA:153,1
DA:154,1
DA:155,0
DA:156,0
DA:157,1
DA:158,1
DA:159,1
DA:160,6
DA:161,6
LF:161
LH:159
BRDA:1,0,0,6
BRDA:5,1,0,1
BRDA:11,2,0,5
BRDA:14,3,0,1
BRDA:17,4,0,2
BRDA:27,5,0,1
BRDA:42,6,0,1
BRDA:50,7,0,0
BRDA:36,8,0,2
BRDA:56,9,0,2
BRDA:66,10,0,1
BRDA:84,11,0,1
BRDA:92,12,0,0
BRDA:78,13,0,2
BRDA:98,14,0,2
BRDA:112,15,0,1
BRDA:118,16,0,0
BRDA:107,17,0,2
BRDA:125,18,0,1
BRDA:133,19,0,1
BRDA:154,20,0,0
BRF:21
BRH:17
end_of_record
TN:
SF:src\models\sale.model.js
FN:24,createHeader
FN:38,createDetailsBulk
FN:56,countDynamic
FN:81,findAllDynamic
FN:123,findById
FN:157,getSalesStats
FN:167,getSalesPerMonth
FN:184,getTopCategories
FNF:8
FNH:8
FNDA:3,createHeader
FNDA:2,createDetailsBulk
FNDA:1,countDynamic
FNDA:1,findAllDynamic
FNDA:3,findById
FNDA:1,getSalesStats
FNDA:1,getSalesPerMonth
FNDA:1,getTopCategories
DA:1,6
DA:2,6
DA:3,6
DA:4,6
DA:5,6
DA:6,6
DA:7,6
DA:8,6
DA:9,6
DA:10,6
DA:11,6
DA:12,6
DA:13,6
DA:14,6
DA:15,6
DA:16,6
DA:17,6
DA:18,6
DA:19,6
DA:20,6
DA:21,6
DA:22,6
DA:23,6
DA:24,6
DA:25,3
DA:26,3
DA:27,3
DA:28,3
DA:29,2
DA:30,6
DA:31,6
DA:32,6
DA:33,6
DA:34,6
DA:35,6
DA:36,6
DA:37,6
DA:38,6
DA:39,2
DA:40,2
DA:41,2
DA:42,2
DA:43,2
DA:44,2
DA:45,6
DA:46,6
DA:47,6
DA:48,6
DA:49,6
DA:50,6
DA:51,6
DA:52,6
DA:53,6
DA:54,6
DA:55,6
DA:56,6
DA:57,1
DA:58,1
DA:59,1
DA:60,1
DA:61,1
DA:62,1
DA:63,1
DA:64,1
DA:65,1
DA:66,1
DA:67,1
DA:68,1
DA:69,1
DA:70,1
DA:71,1
DA:72,1
DA:73,6
DA:74,6
DA:75,6
DA:76,6
DA:77,6
DA:78,6
DA:79,6
DA:80,6
DA:81,6
DA:82,1
DA:83,1
DA:84,1
DA:85,1
DA:86,1
DA:87,1
DA:88,1
DA:89,1
DA:90,1
DA:91,1
DA:92,1
DA:93,1
DA:94,1
DA:95,1
DA:96,1
DA:97,1
DA:98,1
DA:99,1
DA:100,1
DA:101,1
DA:102,1
DA:103,1
DA:104,1
DA:105,1
DA:106,1
DA:107,1
DA:108,1
DA:109,1
DA:110,0
DA:111,0
DA:112,0
DA:113,1
DA:114,1
DA:115,1
DA:116,6
DA:117,6
DA:118,6
DA:119,6
DA:120,6
DA:121,6
DA:122,6
DA:123,6
DA:124,3
DA:125,3
DA:126,3
DA:127,3
DA:128,3
DA:129,3
DA:130,3
DA:131,3
DA:132,3
DA:133,3
DA:134,3
DA:135,3
DA:136,3
DA:137,3
DA:138,3
DA:139,3
DA:140,3
DA:141,3
DA:142,3
DA:143,3
DA:144,3
DA:145,3
DA:146,3
DA:147,6
DA:148,6
DA:149,6
DA:150,6
DA:151,6
DA:152,6
DA:153,6
DA:154,6
DA:155,6
DA:156,6
DA:157,6
DA:158,1
DA:159,1
DA:160,1
DA:161,6
DA:162,6
DA:163,6
DA:164,6
DA:165,6
DA:166,6
DA:167,6
DA:168,1
DA:169,1
DA:170,1
DA:171,1
DA:172,1
DA:173,1
DA:174,1
DA:175,1
DA:176,1
DA:177,6
DA:178,6
DA:179,6
DA:180,6
DA:181,6
DA:182,6
DA:183,6
DA:184,6
DA:185,1
DA:186,1
DA:187,1
DA:188,1
DA:189,1
DA:190,1
DA:191,1
DA:192,1
DA:193,1
DA:194,1
DA:195,1
DA:196,1
DA:197,1
DA:198,6
LF:198
LH:195
BRDA:1,0,0,6
BRDA:24,1,0,3
BRDA:29,2,0,2
BRDA:38,3,0,2
BRDA:56,4,0,1
BRDA:81,5,0,1
BRDA:101,6,0,0
BRDA:102,7,0,0
BRDA:108,8,0,0
BRDA:109,9,0,0
BRDA:123,10,0,3
BRDA:146,11,0,2
BRDA:146,12,0,1
BRDA:157,13,0,1
BRDA:167,14,0,1
BRDA:184,15,0,1
BRF:16
BRH:12
end_of_record
TN:
SF:src\models\user.model.js
FN:21,countDynamic
FN:40,findAllDynamic
FN:91,findById
FN:125,findByEmail
FN:135,create
FN:150,update
FN:166,updateRefreshToken
FN:179,clearRefreshToken
FN:192,delete
FN:206,getRawUserPermissions
FN:224,getRawUserRolesAndPermissions
FN:249,deleteUserRoles
FN:261,insertUserRolesBulk
FNF:13
FNH:13
FNDA:1,countDynamic
FNDA:1,findAllDynamic
FNDA:16,findById
FNDA:27,findByEmail
FNDA:9,create
FNDA:1,update
FNDA:9,updateRefreshToken
FNDA:1,clearRefreshToken
FNDA:9,delete
FNDA:1,getRawUserPermissions
FNDA:46,getRawUserRolesAndPermissions
FNDA:1,deleteUserRoles
FNDA:1,insertUserRolesBulk
DA:1,6
DA:2,6
DA:3,6
DA:4,6
DA:5,6
DA:6,6
DA:7,6
DA:8,6
DA:9,6
DA:10,6
DA:11,6
DA:12,6
DA:13,6
DA:14,6
DA:15,6
DA:16,6
DA:17,6
DA:18,6
DA:19,6
DA:20,6
DA:21,6
DA:22,1
DA:23,1
DA:24,1
DA:25,1
DA:26,1
DA:27,1
DA:28,1
DA:29,1
DA:30,1
DA:31,1
DA:32,1
DA:33,6
DA:34,6
DA:35,6
DA:36,6
DA:37,6
DA:38,6
DA:39,6
DA:40,6
DA:41,1
DA:42,1
DA:43,1
DA:44,1
DA:45,1
DA:46,1
DA:47,1
DA:48,1
DA:49,1
DA:50,1
DA:51,1
DA:52,1
DA:53,1
DA:54,1
DA:55,1
DA:56,1
DA:57,1
DA:58,1
DA:59,1
DA:60,1
DA:61,1
DA:62,1
DA:63,1
DA:64,1
DA:65,1
DA:66,1
DA:67,1
DA:68,1
DA:69,1
DA:70,1
DA:71,1
DA:72,1
DA:73,1
DA:74,1
DA:75,1
DA:76,1
DA:77,1
DA:78,0
DA:79,0
DA:80,0
DA:81,1
DA:82,1
DA:83,1
DA:84,6
DA:85,6
DA:86,6
DA:87,6
DA:88,6
DA:89,6
DA:90,6
DA:91,6
DA:92,16
DA:93,16
DA:94,16
DA:95,16
DA:96,16
DA:97,16
DA:98,16
DA:99,16
DA:100,16
DA:101,16
DA:102,16
DA:103,16
DA:104,16
DA:105,16
DA:106,16
DA:107,16
DA:108,16
DA:109,16
DA:110,16
DA:111,16
DA:112,16
DA:113,16
DA:114,6
DA:115,6
DA:116,6
DA:117,6
DA:118,6
DA:119,6
DA:120,6
DA:121,6
DA:122,6
DA:123,6
DA:124,6
DA:125,6
DA:126,27
DA:127,27
DA:128,6
DA:129,6
DA:130,6
DA:131,6
DA:132,6
DA:133,6
DA:134,6
DA:135,6
DA:136,9
DA:137,9
DA:138,9
DA:139,9
DA:140,9
DA:141,9
DA:142,6
DA:143,6
DA:144,6
DA:145,6
DA:146,6
DA:147,6
DA:148,6
DA:149,6
DA:150,6
DA:151,1
DA:152,1
DA:153,1
DA:154,1
DA:155,1
DA:156,1
DA:157,1
DA:158,6
DA:159,6
DA:160,6
DA:161,6
DA:162,6
DA:163,6
DA:164,6
DA:165,6
DA:166,6
DA:167,9
DA:168,9
DA:169,9
DA:170,9
DA:171,9
DA:172,6
DA:173,6
DA:174,6
DA:175,6
DA:176,6
DA:177,6
DA:178,6
DA:179,6
DA:180,1
DA:181,1
DA:182,1
DA:183,1
DA:184,1
DA:185,6
DA:186,6
DA:187,6
DA:188,6
DA:189,6
DA:190,6
DA:191,6
DA:192,6
DA:193,9
DA:194,9
DA:195,6
DA:196,6
DA:197,6
DA:198,6
DA:199,6
DA:200,6
DA:201,6
DA:202,6
DA:203,6
DA:204,6
DA:205,6
DA:206,6
DA:207,1
DA:208,1
DA:209,1
DA:210,1
DA:211,1
DA:212,1
DA:213,1
DA:214,1
DA:215,1
DA:216,1
DA:217,6
DA:218,6
DA:219,6
DA:220,6
DA:221,6
DA:222,6
DA:223,6
DA:224,6
DA:225,46
DA:226,46
DA:227,46
DA:228,46
DA:229,46
DA:230,46
DA:231,46
DA:232,46
DA:233,46
DA:234,46
DA:235,46
DA:236,46
DA:237,46
DA:238,6
DA:239,6
DA:240,6
DA:241,6
DA:242,6
DA:243,6
DA:244,6
DA:245,6
DA:246,6
DA:247,6
DA:248,6
DA:249,6
DA:250,1
DA:251,1
DA:252,1
DA:253,1
DA:254,6
DA:255,6
DA:256,6
DA:257,6
DA:258,6
DA:259,6
DA:260,6
DA:261,6
DA:262,1
DA:263,1
DA:264,1
DA:265,1
DA:266,1
DA:267,6
LF:267
LH:264
BRDA:1,0,0,6
BRDA:21,1,0,1
BRDA:40,2,0,1
BRDA:69,3,0,0
BRDA:70,4,0,0
BRDA:76,5,0,0
BRDA:77,6,0,0
BRDA:91,7,0,16
BRDA:125,8,0,27
BRDA:135,9,0,9
BRDA:150,10,0,1
BRDA:156,11,0,0
BRDA:166,12,0,9
BRDA:179,13,0,1
BRDA:192,14,0,9
BRDA:206,15,0,1
BRDA:224,16,0,46
BRDA:249,17,0,1
BRDA:261,18,0,1
BRF:19
BRH:14
end_of_record
TN:
SF:src\policies\user.policy.js
FN:12,delete
FNF:1
FNH:1
FNDA:1,delete
DA:1,5
DA:2,5
DA:3,5
DA:4,5
DA:5,5
DA:6,5
DA:7,5
DA:8,5
DA:9,5
DA:10,5
DA:11,5
DA:12,5
DA:13,1
DA:14,1
DA:15,1
DA:16,0
DA:17,0
DA:18,0
DA:19,0
DA:20,0
DA:21,0
DA:22,0
DA:23,1
DA:24,5
LF:24
LH:17
BRDA:1,0,0,5
BRDA:12,1,0,1
BRDA:16,2,0,0
BRF:3
BRH:2
end_of_record
TN:
SF:src\routes\auth.routes.js
FNF:0
FNH:0
DA:1,5
DA:2,5
DA:3,5
DA:4,5
DA:5,5
DA:6,5
DA:7,5
DA:8,5
DA:9,5
DA:10,5
DA:11,5
DA:12,5
DA:13,5
DA:14,5
DA:15,5
DA:16,5
DA:17,5
DA:18,5
DA:19,5
DA:20,5
DA:21,5
DA:22,5
DA:23,5
DA:24,5
DA:25,5
DA:26,5
DA:27,5
DA:28,5
DA:29,5
DA:30,5
DA:31,5
DA:32,5
DA:33,5
DA:34,5
DA:35,5
LF:35
LH:35
BRDA:1,0,0,5
BRF:1
BRH:1
end_of_record
TN:
SF:src\routes\category.routes.js
FNF:0
FNH:0
DA:1,5
DA:2,5
DA:3,5
DA:4,5
DA:5,5
DA:6,5
DA:7,5
DA:8,5
DA:9,5
DA:10,5
DA:11,5
DA:12,5
DA:13,5
DA:14,5
DA:15,5
DA:16,5
DA:17,5
DA:18,5
DA:19,5
DA:20,5
DA:21,5
DA:22,5
DA:23,5
DA:24,5
DA:25,5
DA:26,5
DA:27,5
DA:28,5
DA:29,5
DA:30,5
DA:31,5
DA:32,5
DA:33,5
DA:34,5
DA:35,5
DA:36,5
DA:37,5
DA:38,5
DA:39,5
DA:40,5
DA:41,5
DA:42,5
DA:43,5
DA:44,5
DA:45,5
DA:46,5
DA:47,5
DA:48,5
DA:49,5
DA:50,5
DA:51,5
DA:52,5
DA:53,5
DA:54,5
DA:55,5
DA:56,5
DA:57,5
DA:58,5
DA:59,5
DA:60,5
DA:61,5
LF:61
LH:61
BRDA:1,0,0,5
BRF:1
BRH:1
end_of_record
TN:
SF:src\routes\client.routes.js
FNF:0
FNH:0
DA:1,5
DA:2,5
DA:3,5
DA:4,5
DA:5,5
DA:6,5
DA:7,5
DA:8,5
DA:9,5
DA:10,5
DA:11,5
DA:12,5
DA:13,5
DA:14,5
DA:15,5
DA:16,5
DA:17,5
DA:18,5
DA:19,5
DA:20,5
DA:21,5
DA:22,5
DA:23,5
DA:24,5
DA:25,5
DA:26,5
DA:27,5
DA:28,5
DA:29,5
DA:30,5
DA:31,5
DA:32,5
DA:33,5
DA:34,5
DA:35,5
DA:36,5
DA:37,5
DA:38,5
DA:39,5
DA:40,5
DA:41,5
DA:42,5
DA:43,5
DA:44,5
DA:45,5
DA:46,5
DA:47,5
DA:48,5
DA:49,5
DA:50,5
DA:51,5
DA:52,5
DA:53,5
DA:54,5
DA:55,5
DA:56,5
DA:57,5
DA:58,5
DA:59,5
DA:60,5
DA:61,5
DA:62,5
DA:63,5
DA:64,5
DA:65,5
DA:66,5
DA:67,5
DA:68,5
DA:69,5
DA:70,5
DA:71,5
LF:71
LH:71
BRDA:1,0,0,5
BRF:1
BRH:1
end_of_record
TN:
SF:src\routes\dashboard.routes.js
FNF:0
FNH:0
DA:1,5
DA:2,5
DA:3,5
DA:4,5
DA:5,5
DA:6,5
DA:7,5
DA:8,5
DA:9,5
DA:10,5
DA:11,5
DA:12,5
DA:13,5
DA:14,5
DA:15,5
DA:16,5
DA:17,5
DA:18,5
DA:19,5
DA:20,5
DA:21,5
DA:22,5
DA:23,5
LF:23
LH:23
BRDA:1,0,0,5
BRF:1
BRH:1
end_of_record
TN:
SF:src\routes\index.js
FNF:0
FNH:0
DA:1,5
DA:2,5
DA:3,5
DA:4,5
DA:5,5
DA:6,5
DA:7,5
DA:8,5
DA:9,5
LF:9
LH:9
BRDA:1,0,0,5
BRF:1
BRH:1
end_of_record
TN:
SF:src\routes\permissions.routes.js
FNF:0
FNH:0
DA:1,5
DA:2,5
DA:3,5
DA:4,5
DA:5,5
DA:6,5
DA:7,5
DA:8,5
DA:9,5
DA:10,5
DA:11,5
DA:12,5
DA:13,5
DA:14,5
DA:15,5
DA:16,5
DA:17,5
DA:18,5
DA:19,5
LF:19
LH:19
BRDA:1,0,0,5
BRF:1
BRH:1
end_of_record
TN:
SF:src\routes\product.routes.js
FNF:0
FNH:0
DA:1,5
DA:2,5
DA:3,5
DA:4,5
DA:5,5
DA:6,5
DA:7,5
DA:8,5
DA:9,5
DA:10,5
DA:11,5
DA:12,5
DA:13,5
DA:14,5
DA:15,5
DA:16,5
DA:17,5
DA:18,5
DA:19,5
DA:20,5
DA:21,5
DA:22,5
DA:23,5
DA:24,5
DA:25,5
DA:26,5
DA:27,5
DA:28,5
DA:29,5
DA:30,5
DA:31,5
DA:32,5
DA:33,5
DA:34,5
DA:35,5
DA:36,5
DA:37,5
DA:38,5
DA:39,5
DA:40,5
DA:41,5
DA:42,5
DA:43,5
DA:44,5
DA:45,5
DA:46,5
DA:47,5
DA:48,5
DA:49,5
DA:50,5
DA:51,5
DA:52,5
DA:53,5
DA:54,5
DA:55,5
DA:56,5
DA:57,5
DA:58,5
DA:59,5
DA:60,5
DA:61,5
DA:62,5
DA:63,5
DA:64,5
DA:65,5
DA:66,5
DA:67,5
DA:68,5
DA:69,5
DA:70,5
DA:71,5
DA:72,5
DA:73,5
DA:74,5
DA:75,5
DA:76,5
DA:77,5
DA:78,5
DA:79,5
DA:80,5
DA:81,5
DA:82,5
DA:83,5
DA:84,5
LF:84
LH:84
BRDA:1,0,0,5
BRF:1
BRH:1
end_of_record
TN:
SF:src\routes\role.routes.js
FNF:0
FNH:0
DA:1,5
DA:2,5
DA:3,5
DA:4,5
DA:5,5
DA:6,5
DA:7,5
DA:8,5
DA:9,5
DA:10,5
DA:11,5
DA:12,5
DA:13,5
DA:14,5
DA:15,5
DA:16,5
DA:17,5
DA:18,5
DA:19,5
DA:20,5
DA:21,5
DA:22,5
DA:23,5
DA:24,5
DA:25,5
DA:26,5
DA:27,5
DA:28,5
DA:29,5
DA:30,5
DA:31,5
DA:32,5
DA:33,5
DA:34,5
DA:35,5
LF:35
LH:35
BRDA:1,0,0,5
BRF:1
BRH:1
end_of_record
TN:
SF:src\routes\sales.routes.js
FNF:0
FNH:0
DA:1,5
DA:2,5
DA:3,5
DA:4,5
DA:5,5
DA:6,5
DA:7,5
DA:8,5
DA:9,5
DA:10,5
DA:11,5
DA:12,5
DA:13,5
DA:14,5
DA:15,5
DA:16,5
DA:17,5
DA:18,5
DA:19,5
DA:20,5
DA:21,5
DA:22,5
DA:23,5
DA:24,5
DA:25,5
DA:26,5
DA:27,5
DA:28,5
DA:29,5
DA:30,5
DA:31,5
DA:32,5
DA:33,5
DA:34,5
DA:35,5
DA:36,5
DA:37,5
DA:38,5
DA:39,5
DA:40,5
DA:41,5
DA:42,5
DA:43,5
DA:44,5
DA:45,5
DA:46,5
DA:47,5
DA:48,5
DA:49,5
DA:50,5
LF:50
LH:50
BRDA:1,0,0,5
BRF:1
BRH:1
end_of_record
TN:
SF:src\routes\user.routes.js
FNF:0
FNH:0
DA:1,5
DA:2,5
DA:3,5
DA:4,5
DA:5,5
DA:6,5
DA:7,5
DA:8,5
DA:9,5
DA:10,5
DA:11,5
DA:12,5
DA:13,5
DA:14,5
DA:15,5
DA:16,5
DA:17,5
DA:18,5
DA:19,5
DA:20,5
DA:21,5
DA:22,5
DA:23,5
DA:24,5
DA:25,5
DA:26,5
DA:27,5
DA:28,5
DA:29,5
DA:30,5
DA:31,5
DA:32,5
DA:33,5
DA:34,5
DA:35,5
DA:36,5
DA:37,5
DA:38,5
DA:39,5
DA:40,5
DA:41,5
DA:42,5
DA:43,5
DA:44,5
DA:45,5
DA:46,5
DA:47,5
DA:48,5
DA:49,5
DA:50,5
DA:51,5
DA:52,5
DA:53,5
DA:54,5
DA:55,5
DA:56,5
DA:57,5
DA:58,5
DA:59,5
DA:60,5
DA:61,5
DA:62,5
DA:63,5
DA:64,5
DA:65,5
DA:66,5
DA:67,5
DA:68,5
DA:69,5
DA:70,5
DA:71,5
DA:72,5
LF:72
LH:72
BRDA:1,0,0,5
BRF:1
BRH:1
end_of_record
TN:
SF:src\schemas\auth.schema.js
FNF:0
FNH:0
DA:1,5
DA:2,5
DA:3,5
DA:4,5
DA:5,5
DA:6,5
DA:7,5
DA:8,5
DA:9,5
DA:10,5
DA:11,5
DA:12,5
DA:13,5
DA:14,5
DA:15,5
DA:16,5
DA:17,5
DA:18,5
DA:19,5
DA:20,5
DA:21,5
DA:22,5
DA:23,5
DA:24,5
DA:25,5
DA:26,5
DA:27,5
DA:28,5
DA:29,5
DA:30,5
DA:31,5
DA:32,5
DA:33,5
DA:34,5
DA:35,5
DA:36,5
DA:37,5
DA:38,5
DA:39,5
DA:40,5
DA:41,5
DA:42,5
DA:43,5
DA:44,5
LF:44
LH:44
BRDA:1,0,0,5
BRF:1
BRH:1
end_of_record
TN:
SF:src\schemas\category.schema.js
FNF:0
FNH:0
DA:1,5
DA:2,5
DA:3,5
DA:4,5
DA:5,5
DA:6,5
DA:7,5
DA:8,5
DA:9,5
DA:10,5
DA:11,5
DA:12,5
DA:13,5
DA:14,5
DA:15,5
DA:16,5
LF:16
LH:16
BRDA:1,0,0,5
BRF:1
BRH:1
end_of_record
TN:
SF:src\schemas\client.schema.js
FNF:0
FNH:0
DA:1,5
DA:2,5
DA:3,5
DA:4,5
DA:5,5
DA:6,5
DA:7,5
DA:8,5
DA:9,5
DA:10,5
DA:11,5
DA:12,5
DA:13,5
DA:14,5
DA:15,5
DA:16,5
DA:17,5
DA:18,5
DA:19,5
DA:20,5
DA:21,5
DA:22,5
DA:23,5
DA:24,5
DA:25,5
DA:26,5
DA:27,5
DA:28,5
DA:29,5
DA:30,5
DA:31,5
DA:32,5
DA:33,5
DA:34,5
DA:35,5
DA:36,5
DA:37,5
DA:38,5
DA:39,5
DA:40,5
DA:41,5
LF:41
LH:41
BRDA:1,0,0,5
BRF:1
BRH:1
end_of_record
TN:
SF:src\schemas\product.schema.js
FNF:0
FNH:0
DA:1,5
DA:2,5
DA:3,5
DA:4,5
DA:5,5
DA:6,5
DA:7,5
DA:8,5
DA:9,5
DA:10,5
DA:11,5
DA:12,5
DA:13,5
DA:14,5
DA:15,5
DA:16,5
DA:17,5
DA:18,5
DA:19,5
DA:20,5
DA:21,5
DA:22,5
DA:23,5
DA:24,5
DA:25,5
DA:26,5
DA:27,5
DA:28,5
DA:29,5
DA:30,5
DA:31,5
DA:32,5
DA:33,5
DA:34,5
DA:35,5
DA:36,5
DA:37,5
DA:38,5
DA:39,5
DA:40,5
DA:41,5
DA:42,5
DA:43,5
DA:44,5
DA:45,5
DA:46,5
LF:46
LH:46
BRDA:1,0,0,5
BRF:1
BRH:1
end_of_record
TN:
SF:src\schemas\role.schema.js
FNF:0
FNH:0
DA:1,5
DA:2,5
DA:3,5
DA:4,5
DA:5,5
DA:6,5
DA:7,5
DA:8,5
DA:9,5
DA:10,5
DA:11,5
DA:12,5
DA:13,5
DA:14,5
DA:15,5
DA:16,5
DA:17,5
DA:18,5
DA:19,5
DA:20,5
DA:21,5
DA:22,5
DA:23,5
DA:24,5
DA:25,5
DA:26,5
DA:27,5
DA:28,5
DA:29,5
DA:30,5
DA:31,5
DA:32,5
DA:33,5
DA:34,5
DA:35,5
DA:36,5
DA:37,5
DA:38,5
DA:39,5
DA:40,5
DA:41,5
DA:42,5
DA:43,5
DA:44,5
DA:45,5
DA:46,5
DA:47,5
DA:48,5
DA:49,5
DA:50,5
DA:51,5
DA:52,5
DA:53,5
DA:54,5
DA:55,5
DA:56,5
DA:57,5
DA:58,5
DA:59,5
DA:60,5
DA:61,5
DA:62,5
LF:62
LH:62
BRDA:1,0,0,5
BRF:1
BRH:1
end_of_record
TN:
SF:src\schemas\user.schema.js
FNF:0
FNH:0
DA:1,5
DA:2,5
DA:3,5
DA:4,5
DA:5,5
DA:6,5
DA:7,5
DA:8,5
DA:9,5
DA:10,5
DA:11,5
DA:12,5
DA:13,5
DA:14,5
LF:14
LH:14
BRDA:1,0,0,5
BRF:1
BRH:1
end_of_record
TN:
SF:src\services\auth.service.js
FN:10,registerUser
FN:39,loginUser
FN:88,refreshAccessToken
FNF:3
FNH:3
FNDA:8,registerUser
FNDA:8,loginUser
FNDA:2,refreshAccessToken
DA:1,5
DA:2,5
DA:3,5
DA:4,5
DA:5,5
DA:6,5
DA:7,5
DA:8,5
DA:9,5
DA:10,5
DA:11,8
DA:12,8
DA:13,8
DA:14,0
DA:15,0
DA:16,0
DA:17,0
DA:18,0
DA:19,8
DA:20,8
DA:21,8
DA:22,8
DA:23,8
DA:24,8
DA:25,8
DA:26,8
DA:27,8
DA:28,8
DA:29,8
DA:30,8
DA:31,8
DA:32,8
DA:33,8
DA:34,5
DA:35,5
DA:36,5
DA:37,5
DA:38,5
DA:39,5
DA:40,8
DA:41,8
DA:42,8
DA:43,0
DA:44,0
DA:45,0
DA:46,0
DA:47,8
DA:48,8
DA:49,8
DA:50,8
DA:51,0
DA:52,0
DA:53,0
DA:54,0
DA:55,8
DA:56,8
DA:57,8
DA:58,8
DA:59,8
DA:60,8
DA:61,8
DA:62,8
DA:63,8
DA:64,8
DA:65,8
DA:66,8
DA:67,8
DA:68,8
DA:69,8
DA:70,8
DA:71,8
DA:72,8
DA:73,8
DA:74,8
DA:75,8
DA:76,8
DA:77,8
DA:78,8
DA:79,8
DA:80,8
DA:81,8
DA:82,8
DA:83,5
DA:84,5
DA:85,5
DA:86,5
DA:87,5
DA:88,5
DA:89,2
DA:90,2
DA:91,2
DA:92,2
DA:93,2
DA:94,2
DA:95,2
DA:96,2
DA:97,2
DA:98,1
DA:99,1
DA:100,1
DA:101,1
DA:102,1
DA:103,1
DA:104,1
DA:105,1
DA:106,1
DA:107,1
DA:108,1
DA:109,1
DA:110,2
DA:111,0
DA:112,0
DA:113,0
DA:114,0
DA:115,1
DA:116,1
DA:117,1
DA:118,1
DA:119,2
DA:120,2
DA:121,2
DA:122,2
DA:123,2
DA:124,2
DA:125,0
DA:126,0
DA:127,0
DA:128,0
DA:129,0
DA:130,0
DA:131,0
DA:132,0
DA:133,2
DA:134,5
LF:134
LH:109
BRDA:1,0,0,5
BRDA:10,1,0,8
BRDA:13,2,0,0
BRDA:39,3,0,8
BRDA:42,4,0,0
BRDA:50,5,0,0
BRDA:60,6,0,0
BRDA:66,7,0,0
BRDA:88,8,0,2
BRDA:97,9,0,1
BRDA:110,10,0,0
BRDA:115,11,0,1
BRDA:119,12,0,0
BRDA:124,13,0,0
BRF:14
BRH:6
end_of_record
TN:
SF:src\services\category.service.js
FN:18,getCategories
FN:58,getCategoryById
FN:66,createCategory
FN:75,updateCategory
FN:84,deleteCategory
FN:109,getProductsForCategory
FNF:6
FNH:5
FNDA:4,getCategories
FNDA:3,getCategoryById
FNDA:1,createCategory
FNDA:1,updateCategory
FNDA:1,deleteCategory
FNDA:0,getProductsForCategory
DA:1,6
DA:2,6
DA:3,6
DA:4,6
DA:5,6
DA:6,6
DA:7,6
DA:8,6
DA:9,6
DA:10,6
DA:11,6
DA:12,6
DA:13,6
DA:14,6
DA:15,6
DA:16,6
DA:17,6
DA:18,6
DA:19,4
DA:20,1
DA:21,1
DA:22,3
DA:23,4
DA:24,4
DA:25,4
DA:26,4
DA:27,4
DA:28,4
DA:29,4
DA:30,4
DA:31,4
DA:32,4
DA:33,4
DA:34,4
DA:35,4
DA:36,4
DA:37,4
DA:38,3
DA:39,3
DA:40,3
DA:41,3
DA:42,3
DA:43,3
DA:44,3
DA:45,3
DA:46,3
DA:47,3
DA:48,4
DA:49,4
DA:50,4
DA:51,4
DA:52,6
DA:53,6
DA:54,6
DA:55,6
DA:56,6
DA:57,6
DA:58,6
DA:59,3
DA:60,6
DA:61,6
DA:62,6
DA:63,6
DA:64,6
DA:65,6
DA:66,6
DA:67,1
DA:68,6
DA:69,6
DA:70,6
DA:71,6
DA:72,6
DA:73,6
DA:74,6
DA:75,6
DA:76,1
DA:77,6
DA:78,6
DA:79,6
DA:80,6
DA:81,6
DA:82,6
DA:83,6
DA:84,6
DA:85,1
DA:86,1
DA:87,1
DA:88,1
DA:89,0
DA:90,0
DA:91,0
DA:92,0
DA:93,1
DA:94,1
DA:95,1
DA:96,0
DA:97,0
DA:98,0
DA:99,0
DA:100,1
DA:101,1
DA:102,6
DA:103,6
DA:104,6
DA:105,6
DA:106,6
DA:107,6
DA:108,6
DA:109,6
DA:110,0
DA:111,0
DA:112,0
DA:113,0
DA:114,0
DA:115,0
DA:116,0
DA:117,0
DA:118,0
DA:119,0
DA:120,0
DA:121,6
LF:121
LH:102
BRDA:1,0,0,6
BRDA:18,1,0,4
BRDA:19,2,0,1
BRDA:22,3,0,3
BRDA:23,4,0,1
BRDA:24,5,0,1
BRDA:38,6,0,3
BRDA:48,7,0,2
BRDA:48,8,0,1
BRDA:49,9,0,2
BRDA:49,10,0,1
BRDA:58,11,0,3
BRDA:66,12,0,1
BRDA:75,13,0,1
BRDA:84,14,0,1
BRDA:88,15,0,0
BRDA:95,16,0,0
BRF:17
BRH:15
end_of_record
TN:
SF:src\services\client.service.js
FN:17,getClientsList
FN:57,getClientById
FN:73,createClient
FN:92,updateClient
FN:112,deleteClient
FNF:5
FNH:4
FNDA:4,getClientsList
FNDA:5,getClientById
FNDA:0,createClient
FNDA:1,updateClient
FNDA:1,deleteClient
DA:1,5
DA:2,5
DA:3,5
DA:4,5
DA:5,5
DA:6,5
DA:7,5
DA:8,5
DA:9,5
DA:10,5
DA:11,5
DA:12,5
DA:13,5
DA:14,5
DA:15,5
DA:16,5
DA:17,5
DA:18,4
DA:19,4
DA:20,1
DA:21,1
DA:22,3
DA:23,3
DA:24,4
DA:25,4
DA:26,4
DA:27,4
DA:28,4
DA:29,4
DA:30,4
DA:31,4
DA:32,4
DA:33,4
DA:34,4
DA:35,3
DA:36,3
DA:37,3
DA:38,3
DA:39,3
DA:40,3
DA:41,3
DA:42,3
DA:43,3
DA:44,3
DA:45,4
DA:46,4
DA:47,4
DA:48,4
DA:49,5
DA:50,5
DA:51,5
DA:52,5
DA:53,5
DA:54,5
DA:55,5
DA:56,5
DA:57,5
DA:58,5
DA:59,5
DA:60,1
DA:61,1
DA:62,1
DA:63,1
DA:64,4
DA:65,5
DA:66,5
DA:67,5
DA:68,5
DA:69,5
DA:70,5
DA:71,5
DA:72,5
DA:73,5
DA:74,0
DA:75,0
DA:76,0
DA:77,0
DA:78,0
DA:79,0
DA:80,0
DA:81,0
DA:82,0
DA:83,5
DA:84,5
DA:85,5
DA:86,5
DA:87,5
DA:88,5
DA:89,5
DA:90,5
DA:91,5
DA:92,5
DA:93,1
DA:94,1
DA:95,1
DA:96,1
DA:97,0
DA:98,0
DA:99,0
DA:100,0
DA:101,1
DA:102,1
DA:103,1
DA:104,5
DA:105,5
DA:106,5
DA:107,5
DA:108,5
DA:109,5
DA:110,5
DA:111,5
DA:112,5
DA:113,1
DA:114,1
DA:115,1
DA:116,1
DA:117,1
DA:118,0
DA:119,0
DA:120,0
DA:121,0
DA:122,0
DA:123,0
DA:124,0
DA:125,0
DA:126,1
DA:127,5
LF:127
LH:106
BRDA:1,0,0,5
BRDA:17,1,0,4
BRDA:19,2,0,1
BRDA:22,3,0,3
BRDA:24,4,0,2
BRDA:25,5,0,2
BRDA:35,6,0,3
BRDA:45,7,0,2
BRDA:45,8,0,1
BRDA:46,9,0,1
BRDA:46,10,0,2
BRDA:57,11,0,5
BRDA:59,12,0,1
BRDA:64,13,0,4
BRDA:92,14,0,1
BRDA:96,15,0,0
BRDA:96,16,0,0
BRDA:112,17,0,1
BRDA:117,18,0,0
BRF:19
BRH:16
end_of_record
TN:
SF:src\services\dashboard.service.js
FN:10,getDashboardMetrics
FNF:1
FNH:1
FNDA:3,getDashboardMetrics
DA:1,6
DA:2,6
DA:3,6
DA:4,6
DA:5,6
DA:6,6
DA:7,6
DA:8,6
DA:9,6
DA:10,6
DA:11,3
DA:12,3
DA:13,3
DA:14,3
DA:15,3
DA:16,3
DA:17,3
DA:18,3
DA:19,3
DA:20,3
DA:21,3
DA:22,3
DA:23,3
DA:24,2
DA:25,2
DA:26,2
DA:27,3
DA:28,3
DA:29,3
DA:30,3
DA:31,3
DA:32,3
DA:33,3
DA:34,3
DA:35,3
DA:36,3
DA:37,3
DA:38,3
DA:39,6
LF:39
LH:39
BRDA:1,0,0,6
BRDA:10,1,0,3
BRDA:24,2,0,2
BRDA:27,3,0,1
BRDA:27,4,0,1
BRDA:28,5,0,1
BRDA:28,6,0,1
BRDA:29,7,0,1
BRDA:29,8,0,1
BRDA:30,9,0,1
BRDA:30,10,0,1
BRDA:31,11,0,2
BRDA:31,12,0,1
BRDA:34,13,0,1
BRDA:35,14,0,1
BRF:15
BRH:15
end_of_record
TN:
SF:src\services\permission.service.js
FN:8,getAllPermissions
FNF:1
FNH:1
FNDA:2,getAllPermissions
DA:1,6
DA:2,6
DA:3,6
DA:4,6
DA:5,6
DA:6,6
DA:7,6
DA:8,6
DA:9,2
DA:10,1
DA:11,2
DA:12,6
LF:12
LH:12
BRDA:1,0,0,6
BRDA:8,1,0,2
BRDA:9,2,0,1
BRF:3
BRH:3
end_of_record
TN:
SF:src\services\product.service.js
FN:20,getProducts
FN:61,getProductById
FN:71,getProductsByCategory
FN:80,createProduct
FN:90,updateProduct
FN:99,deleteProduct
FN:107,getInventoryMetrics
FN:116,getCriticalStock
FNF:8
FNH:3
FNDA:7,getProducts
FNDA:4,getProductById
FNDA:0,getProductsByCategory
FNDA:0,createProduct
FNDA:2,updateProduct
FNDA:0,deleteProduct
FNDA:0,getInventoryMetrics
FNDA:0,getCriticalStock
DA:1,5
DA:2,5
DA:3,5
DA:4,5
DA:5,5
DA:6,5
DA:7,5
DA:8,5
DA:9,5
DA:10,5
DA:11,5
DA:12,5
DA:13,5
DA:14,5
DA:15,5
DA:16,5
DA:17,5
DA:18,5
DA:19,5
DA:20,5
DA:21,7
DA:22,7
DA:23,1
DA:24,1
DA:25,6
DA:26,6
DA:27,7
DA:28,7
DA:29,7
DA:30,7
DA:31,7
DA:32,7
DA:33,7
DA:34,7
DA:35,7
DA:36,7
DA:37,7
DA:38,7
DA:39,7
DA:40,6
DA:41,6
DA:42,6
DA:43,6
DA:44,6
DA:45,6
DA:46,6
DA:47,6
DA:48,6
DA:49,6
DA:50,7
DA:51,7
DA:52,7
DA:53,7
DA:54,5
DA:55,5
DA:56,5
DA:57,5
DA:58,5
DA:59,5
DA:60,5
DA:61,5
DA:62,4
DA:63,5
DA:64,5
DA:65,5
DA:66,5
DA:67,5
DA:68,5
DA:69,5
DA:70,5
DA:71,5
DA:72,0
DA:73,5
DA:74,5
DA:75,5
DA:76,5
DA:77,5
DA:78,5
DA:79,5
DA:80,5
DA:81,0
DA:82,5
DA:83,5
DA:84,5
DA:85,5
DA:86,5
DA:87,5
DA:88,5
DA:89,5
DA:90,5
DA:91,2
DA:92,5
DA:93,5
DA:94,5
DA:95,5
DA:96,5
DA:97,5
DA:98,5
DA:99,5
DA:100,0
DA:101,5
DA:102,5
DA:103,5
DA:104,5
DA:105,5
DA:106,5
DA:107,5
DA:108,0
DA:109,5
DA:110,5
DA:111,5
DA:112,5
DA:113,5
DA:114,5
DA:115,5
DA:116,5
DA:117,0
DA:118,0
DA:119,0
DA:120,5
LF:120
LH:113
BRDA:1,0,0,5
BRDA:20,1,0,7
BRDA:22,2,0,1
BRDA:25,3,0,6
BRDA:28,4,0,6
BRDA:40,5,0,6
BRDA:50,6,0,3
BRDA:50,7,0,3
BRDA:51,8,0,0
BRDA:51,9,0,6
BRDA:61,10,0,4
BRDA:90,11,0,2
BRF:12
BRH:11
end_of_record
TN:
SF:src\services\role.service.js
FN:5,getRolesWithPermissions
FN:34,getRoleByIdWithPermissions
FN:53,createRole
FN:61,updateRole
FN:74,deleteRole
FNF:5
FNH:5
FNDA:2,getRolesWithPermissions
FNDA:4,getRoleByIdWithPermissions
FNDA:1,createRole
FNDA:2,updateRole
FNDA:3,deleteRole
DA:1,6
DA:2,6
DA:3,6
DA:4,6
DA:5,6
DA:6,2
DA:7,2
DA:8,2
DA:9,2
DA:10,2
DA:11,2
DA:12,2
DA:13,2
DA:14,3
DA:15,3
DA:16,3
DA:17,3
DA:18,3
DA:19,3
DA:20,3
DA:21,3
DA:22,3
DA:23,3
DA:24,3
DA:25,3
DA:26,3
DA:27,3
DA:28,3
DA:29,2
DA:30,2
DA:31,2
DA:32,6
DA:33,6
DA:34,6
DA:35,4
DA:36,4
DA:37,4
DA:38,4
DA:39,4
DA:40,4
DA:41,4
DA:42,4
DA:43,1
DA:44,1
DA:45,3
DA:46,3
DA:47,3
DA:48,3
DA:49,3
DA:50,3
DA:51,6
DA:52,6
DA:53,6
DA:54,1
DA:55,1
DA:56,1
DA:57,1
DA:58,1
DA:59,6
DA:60,6
DA:61,6
DA:62,2
DA:63,2
DA:64,2
DA:65,1
DA:66,1
DA:67,1
DA:68,1
DA:69,1
DA:70,1
DA:71,1
DA:72,1
DA:73,6
DA:74,6
DA:75,3
DA:76,3
DA:77,3
DA:78,1
DA:79,1
DA:80,2
DA:81,2
DA:82,2
DA:83,3
DA:84,1
DA:85,1
DA:86,1
DA:87,1
DA:88,1
DA:89,1
DA:90,1
DA:91,1
DA:92,1
DA:93,1
DA:94,1
DA:95,6
DA:96,6
LF:96
LH:96
BRDA:1,0,0,6
BRDA:5,1,0,2
BRDA:13,2,0,3
BRDA:16,3,0,6
BRDA:17,4,0,3
BRDA:34,5,0,4
BRDA:42,6,0,1
BRDA:45,7,0,3
BRDA:53,8,0,1
BRDA:61,9,0,2
BRDA:64,10,0,1
BRDA:74,11,0,3
BRDA:77,12,0,1
BRDA:80,13,0,2
BRDA:83,14,0,1
BRF:15
BRH:15
end_of_record
TN:
SF:src\services\sale.service.js
FN:26,processSale
FN:110,getSalesList
FN:158,getSaleById
FNF:3
FNH:2
FNDA:4,processSale
FNDA:0,getSalesList
FNDA:1,getSaleById
DA:1,5
DA:2,5
DA:3,5
DA:4,5
DA:5,5
DA:6,5
DA:7,5
DA:8,5
DA:9,5
DA:10,5
DA:11,5
DA:12,5
DA:13,5
DA:14,5
DA:15,5
DA:16,5
DA:17,5
DA:18,5
DA:19,5
DA:20,5
DA:21,5
DA:22,5
DA:23,5
DA:24,5
DA:25,5
DA:26,5
DA:27,4
DA:28,4
DA:29,4
DA:30,4
DA:31,4
DA:32,4
DA:33,4
DA:34,4
DA:35,4
DA:36,4
DA:37,5
DA:38,5
DA:39,5
DA:40,5
DA:41,1
DA:42,1
DA:43,1
DA:44,1
DA:45,4
DA:46,5
DA:47,1
DA:48,1
DA:49,1
DA:50,1
DA:51,3
DA:52,3
DA:53,3
DA:54,3
DA:55,3
DA:56,3
DA:57,3
DA:58,3
DA:59,3
DA:60,3
DA:61,4
DA:62,2
DA:63,2
DA:64,2
DA:65,1
DA:66,1
DA:67,1
DA:68,2
DA:69,2
DA:70,2
DA:71,2
DA:72,2
DA:73,2
DA:74,1
DA:75,1
DA:76,1
DA:77,1
DA:78,1
DA:79,1
DA:80,4
DA:81,2
DA:82,2
DA:83,1
DA:84,1
DA:85,1
DA:86,1
DA:87,1
DA:88,1
DA:89,1
DA:90,1
DA:91,1
DA:92,1
DA:93,4
DA:94,3
DA:95,3
DA:96,4
DA:97,4
DA:98,4
DA:99,4
DA:100,5
DA:101,5
DA:102,5
DA:103,5
DA:104,5
DA:105,5
DA:106,5
DA:107,5
DA:108,5
DA:109,5
DA:110,5
DA:111,0
DA:112,0
DA:113,0
DA:114,0
DA:115,0
DA:116,0
DA:117,0
DA:118,0
DA:119,0
DA:120,0
DA:121,0
DA:122,0
DA:123,0
DA:124,0
DA:125,0
DA:126,0
DA:127,0
DA:128,0
DA:129,0
DA:130,0
DA:131,0
DA:132,0
DA:133,0
DA:134,0
DA:135,0
DA:136,0
DA:137,0
DA:138,0
DA:139,0
DA:140,0
DA:141,0
DA:142,0
DA:143,0
DA:144,0
DA:145,0
DA:146,0
DA:147,0
DA:148,0
DA:149,0
DA:150,0
DA:151,0
DA:152,5
DA:153,5
DA:154,5
DA:155,5
DA:156,5
DA:157,5
DA:158,5
DA:159,1
DA:160,1
DA:161,1
DA:162,1
DA:163,1
DA:164,1
DA:165,1
DA:166,1
DA:167,1
DA:168,1
DA:169,1
DA:170,1
DA:171,1
DA:172,5
LF:172
LH:131
BRDA:1,0,0,5
BRDA:26,1,0,4
BRDA:36,2,0,5
BRDA:40,3,0,1
BRDA:45,4,0,4
BRDA:46,5,0,1
BRDA:51,6,0,3
BRDA:61,7,0,2
BRDA:65,8,0,1
BRDA:80,9,0,2
BRDA:83,10,0,1
BRDA:93,11,0,3
BRDA:96,12,0,0
BRDA:67,13,0,2
BRDA:158,14,0,1
BRDA:161,15,0,0
BRDA:165,16,0,0
BRDA:166,17,0,0
BRDA:168,18,0,0
BRF:19
BRH:14
end_of_record
TN:
SF:src\services\user.service.js
FN:5,formatRolesAndPermissions
FN:37,getAllUsers
FN:84,getUserById
FN:93,getUserPermissions
FN:103,getUserRolesAndPermissions
FN:112,createUser
FN:116,updateUser
FN:120,deleteUser
FN:134,assignRolesToUser
FNF:9
FNH:4
FNDA:45,formatRolesAndPermissions
FNDA:4,getAllUsers
FNDA:0,getUserById
FNDA:0,getUserPermissions
FNDA:45,getUserRolesAndPermissions
FNDA:0,createUser
FNDA:0,updateUser
FNDA:1,deleteUser
FNDA:0,assignRolesToUser
DA:1,6
DA:2,6
DA:3,6
DA:4,6
DA:5,6
DA:6,45
DA:7,1068
DA:8,1068
DA:9,1068
DA:10,38
DA:11,38
DA:12,1068
DA:13,1068
DA:14,1068
DA:15,45
DA:16,45
DA:17,45
DA:18,6
DA:19,6
DA:20,6
DA:21,6
DA:22,6
DA:23,6
DA:24,6
DA:25,6
DA:26,6
DA:27,6
DA:28,6
DA:29,6
DA:30,6
DA:31,6
DA:32,6
DA:33,6
DA:34,6
DA:35,6
DA:36,6
DA:37,6
DA:38,4
DA:39,4
DA:40,1
DA:41,1
DA:42,3
DA:43,3
DA:44,4
DA:45,4
DA:46,4
DA:47,4
DA:48,4
DA:49,4
DA:50,4
DA:51,4
DA:52,4
DA:53,4
DA:54,4
DA:55,4
DA:56,4
DA:57,4
DA:58,4
DA:59,4
DA:60,4
DA:61,4
DA:62,3
DA:63,3
DA:64,3
DA:65,3
DA:66,3
DA:67,3
DA:68,3
DA:69,3
DA:70,3
DA:71,3
DA:72,3
DA:73,4
DA:74,4
DA:75,4
DA:76,4
DA:77,6
DA:78,6
DA:79,6
DA:80,6
DA:81,6
DA:82,6
DA:83,6
DA:84,6
DA:85,0
DA:86,6
DA:87,6
DA:88,6
DA:89,6
DA:90,6
DA:91,6
DA:92,6
DA:93,6
DA:94,0
DA:95,0
DA:96,6
DA:97,6
DA:98,6
DA:99,6
DA:100,6
DA:101,6
DA:102,6
DA:103,6
DA:104,45
DA:105,45
DA:106,6
DA:107,6
DA:108,6
DA:109,6
DA:110,6
DA:111,6
DA:112,6
DA:113,0
DA:114,6
DA:115,6
DA:116,6
DA:117,0
DA:118,6
DA:119,6
DA:120,6
DA:121,1
DA:122,6
DA:123,6
DA:124,6
DA:125,6
DA:126,6
DA:127,6
DA:128,6
DA:129,6
DA:130,6
DA:131,6
DA:132,6
DA:133,6
DA:134,6
DA:135,0
DA:136,0
DA:137,0
DA:138,0
DA:139,0
DA:140,0
DA:141,0
DA:142,0
DA:143,0
DA:144,0
DA:145,0
DA:146,0
DA:147,0
DA:148,0
DA:149,0
DA:150,0
DA:151,0
DA:152,0
DA:153,0
DA:154,0
DA:155,0
DA:156,0
DA:157,0
DA:158,0
DA:159,0
DA:160,0
DA:161,0
DA:162,0
DA:163,0
DA:164,0
DA:165,0
DA:166,0
DA:167,0
DA:168,0
DA:169,0
DA:170,0
DA:171,6
DA:172,6
LF:172
LH:131
BRDA:1,0,0,6
BRDA:5,1,0,45
BRDA:6,2,0,1068
BRDA:9,3,0,38
BRDA:37,4,0,4
BRDA:39,5,0,1
BRDA:42,6,0,3
BRDA:44,7,0,1
BRDA:45,8,0,1
BRDA:62,9,0,3
BRDA:73,10,0,2
BRDA:73,11,0,1
BRDA:74,12,0,2
BRDA:74,13,0,1
BRDA:103,14,0,45
BRDA:120,15,0,1
BRF:16
BRH:16
end_of_record
TN:
SF:src\utils\catchAsync.js
FN:5,catchAsync
FNF:1
FNH:1
FNDA:180,catchAsync
DA:1,5
DA:2,5
DA:3,5
DA:4,5
DA:5,5
DA:6,180
DA:7,53
DA:8,53
DA:9,53
DA:10,180
DA:11,5
LF:11
LH:11
BRDA:1,0,0,5
BRDA:5,1,0,180
BRDA:6,2,0,53
BRF:3
BRH:3
end_of_record
TN:
SF:src\utils\response.handler.js
FN:4,successResponse
FN:16,errorResponse
FNF:2
FNH:2
FNDA:45,successResponse
FNDA:14,errorResponse
DA:1,5
DA:2,5
DA:3,5
DA:4,5
DA:5,45
DA:6,45
DA:7,45
DA:8,45
DA:9,45
DA:10,45
DA:11,5
DA:12,5
DA:13,5
DA:14,5
DA:15,5
DA:16,5
DA:17,14
DA:18,14
DA:19,14
DA:20,14
DA:21,14
DA:22,14
DA:23,14
DA:24,14
DA:25,14
DA:26,5
LF:26
LH:26
BRDA:1,0,0,5
BRDA:4,1,0,45
BRDA:16,2,0,14
BRDA:18,3,0,0
BRF:4
BRH:3
end_of_record
